cl : command line warning D9035: option 'Gm' has been deprecated and will be removed in a future release
  stdafx.cpp
cl : command line warning D9035: option 'Gm' has been deprecated and will be removed in a future release
  Shaders.cpp
  TrainingFramework.cpp
C:\Users\Admin\Documents\GitHub\gameDev2\GameDev-master\TrainingFramework_VS2013\TrainingFramework\Camera.h(22,65): warning C4305: 'initializing': truncation from 'double' to 'float'
  Texture.cpp
  Sprite2D.cpp
C:\Users\Admin\Documents\GitHub\gameDev2\GameDev-master\TrainingFramework_VS2013\TrainingFramework\Camera.h(22,65): warning C4305: 'initializing': truncation from 'double' to 'float'
C:\Users\Admin\Documents\GitHub\gameDev2\GameDev-master\TrainingFramework_VS2013\TrainingFramework\SceneManager.h(14,13): error C2143: syntax error: missing ';' before '*'
C:\Users\Admin\Documents\GitHub\gameDev2\GameDev-master\TrainingFramework_VS2013\TrainingFramework\SceneManager.h(14,13): error C4430: missing type specifier - int assumed. Note: C++ does not support default-int
C:\Users\Admin\Documents\GitHub\gameDev2\GameDev-master\TrainingFramework_VS2013\TrainingFramework\SceneManager.h(14,19): error C2238: unexpected token(s) preceding ';'
C:\Users\Admin\Documents\GitHub\gameDev2\GameDev-master\TrainingFramework_VS2013\TrainingFramework\Sprite2D.cpp(24,20): error C2039: 'load_element': is not a member of 'Animation2D'
C:\Users\Admin\Documents\GitHub\gameDev2\GameDev-master\TrainingFramework_VS2013\TrainingFramework\Animation2D.h(13): message : see declaration of 'Animation2D'
C:\Users\Admin\Documents\GitHub\gameDev2\GameDev-master\TrainingFramework_VS2013\TrainingFramework\Sprite2D.cpp(25,20): error C2660: 'Animation2D::play': function does not take 1 arguments
C:\Users\Admin\Documents\GitHub\gameDev2\GameDev-master\TrainingFramework_VS2013\TrainingFramework\Animation2D.h(19,7): message : see declaration of 'Animation2D::play'
C:\Users\Admin\Documents\GitHub\gameDev2\GameDev-master\TrainingFramework_VS2013\TrainingFramework\Sprite2D.cpp(36,32): error C2039: 'anim_shader': is not a member of 'Animation2D'
C:\Users\Admin\Documents\GitHub\gameDev2\GameDev-master\TrainingFramework_VS2013\TrainingFramework\Animation2D.h(13): message : see declaration of 'Animation2D'
C:\Users\Admin\Documents\GitHub\gameDev2\GameDev-master\TrainingFramework_VS2013\TrainingFramework\Sprite2D.cpp(37,38): error C2039: 'anim_shader': is not a member of 'Animation2D'
C:\Users\Admin\Documents\GitHub\gameDev2\GameDev-master\TrainingFramework_VS2013\TrainingFramework\Animation2D.h(13): message : see declaration of 'Animation2D'
C:\Users\Admin\Documents\GitHub\gameDev2\GameDev-master\TrainingFramework_VS2013\TrainingFramework\Sprite2D.cpp(43,52): error C2039: 'anim_shader': is not a member of 'Animation2D'
C:\Users\Admin\Documents\GitHub\gameDev2\GameDev-master\TrainingFramework_VS2013\TrainingFramework\Animation2D.h(13): message : see declaration of 'Animation2D'
C:\Users\Admin\Documents\GitHub\gameDev2\GameDev-master\TrainingFramework_VS2013\TrainingFramework\Sprite2D.cpp(45,5): error C2039: 'anim_shader': is not a member of 'Animation2D'
C:\Users\Admin\Documents\GitHub\gameDev2\GameDev-master\TrainingFramework_VS2013\TrainingFramework\Animation2D.h(13): message : see declaration of 'Animation2D'
C:\Users\Admin\Documents\GitHub\gameDev2\GameDev-master\TrainingFramework_VS2013\TrainingFramework\Sprite2D.cpp(47,46): error C2039: 'anim_shader': is not a member of 'Animation2D'
C:\Users\Admin\Documents\GitHub\gameDev2\GameDev-master\TrainingFramework_VS2013\TrainingFramework\Animation2D.h(13): message : see declaration of 'Animation2D'
C:\Users\Admin\Documents\GitHub\gameDev2\GameDev-master\TrainingFramework_VS2013\TrainingFramework\Sprite2D.cpp(48,42): error C2039: 'anim_shader': is not a member of 'Animation2D'
C:\Users\Admin\Documents\GitHub\gameDev2\GameDev-master\TrainingFramework_VS2013\TrainingFramework\Animation2D.h(13): message : see declaration of 'Animation2D'
C:\Users\Admin\Documents\GitHub\gameDev2\GameDev-master\TrainingFramework_VS2013\TrainingFramework\Sprite2D.cpp(50,5): error C2039: 'anim_shader': is not a member of 'Animation2D'
C:\Users\Admin\Documents\GitHub\gameDev2\GameDev-master\TrainingFramework_VS2013\TrainingFramework\Animation2D.h(13): message : see declaration of 'Animation2D'
C:\Users\Admin\Documents\GitHub\gameDev2\GameDev-master\TrainingFramework_VS2013\TrainingFramework\Sprite2D.cpp(52,46): error C2039: 'anim_shader': is not a member of 'Animation2D'
C:\Users\Admin\Documents\GitHub\gameDev2\GameDev-master\TrainingFramework_VS2013\TrainingFramework\Animation2D.h(13): message : see declaration of 'Animation2D'
C:\Users\Admin\Documents\GitHub\gameDev2\GameDev-master\TrainingFramework_VS2013\TrainingFramework\Sprite2D.cpp(53,42): error C2039: 'anim_shader': is not a member of 'Animation2D'
C:\Users\Admin\Documents\GitHub\gameDev2\GameDev-master\TrainingFramework_VS2013\TrainingFramework\Animation2D.h(13): message : see declaration of 'Animation2D'
  SceneManager.cpp
C:\Users\Admin\Documents\GitHub\gameDev2\GameDev-master\TrainingFramework_VS2013\TrainingFramework\Camera.h(22,65): warning C4305: 'initializing': truncation from 'double' to 'float'
C:\Users\Admin\Documents\GitHub\gameDev2\GameDev-master\TrainingFramework_VS2013\TrainingFramework\SceneManager.cpp(69,28): error C2039: 'load_element': is not a member of 'Animation2D'
C:\Users\Admin\Documents\GitHub\gameDev2\GameDev-master\TrainingFramework_VS2013\TrainingFramework\Animation2D.h(13): message : see declaration of 'Animation2D'
C:\Users\Admin\Documents\GitHub\gameDev2\GameDev-master\TrainingFramework_VS2013\TrainingFramework\SceneManager.cpp(29,9): warning C4996: 'fopen': This function or variable may be unsafe. Consider using fopen_s instead. To disable deprecation, use _CRT_SECURE_NO_WARNINGS. See online help for details.
C:\Users\Admin\Documents\GitHub\gameDev2\GameDev-master\TrainingFramework_VS2013\TrainingFramework\SceneManager.cpp(63,2): warning C4996: 'fscanf': This function or variable may be unsafe. Consider using fscanf_s instead. To disable deprecation, use _CRT_SECURE_NO_WARNINGS. See online help for details.
C:\Users\Admin\Documents\GitHub\gameDev2\GameDev-master\TrainingFramework_VS2013\TrainingFramework\SceneManager.cpp(66,3): warning C4996: 'fscanf': This function or variable may be unsafe. Consider using fscanf_s instead. To disable deprecation, use _CRT_SECURE_NO_WARNINGS. See online help for details.
C:\Users\Admin\Documents\GitHub\gameDev2\GameDev-master\TrainingFramework_VS2013\TrainingFramework\SceneManager.cpp(67,3): warning C4996: 'fscanf': This function or variable may be unsafe. Consider using fscanf_s instead. To disable deprecation, use _CRT_SECURE_NO_WARNINGS. See online help for details.
C:\Users\Admin\Documents\GitHub\gameDev2\GameDev-master\TrainingFramework_VS2013\TrainingFramework\SceneManager.cpp(71,3): warning C4996: 'fscanf': This function or variable may be unsafe. Consider using fscanf_s instead. To disable deprecation, use _CRT_SECURE_NO_WARNINGS. See online help for details.
C:\Users\Admin\Documents\GitHub\gameDev2\GameDev-master\TrainingFramework_VS2013\TrainingFramework\SceneManager.cpp(75,4): warning C4996: 'fscanf': This function or variable may be unsafe. Consider using fscanf_s instead. To disable deprecation, use _CRT_SECURE_NO_WARNINGS. See online help for details.
C:\Users\Admin\Documents\GitHub\gameDev2\GameDev-master\TrainingFramework_VS2013\TrainingFramework\SceneManager.cpp(80,3): warning C4996: 'fscanf': This function or variable may be unsafe. Consider using fscanf_s instead. To disable deprecation, use _CRT_SECURE_NO_WARNINGS. See online help for details.
C:\Users\Admin\Documents\GitHub\gameDev2\GameDev-master\TrainingFramework_VS2013\TrainingFramework\SceneManager.cpp(84,4): warning C4996: 'fscanf': This function or variable may be unsafe. Consider using fscanf_s instead. To disable deprecation, use _CRT_SECURE_NO_WARNINGS. See online help for details.
C:\Users\Admin\Documents\GitHub\gameDev2\GameDev-master\TrainingFramework_VS2013\TrainingFramework\SceneManager.cpp(88,3): warning C4996: 'fscanf': This function or variable may be unsafe. Consider using fscanf_s instead. To disable deprecation, use _CRT_SECURE_NO_WARNINGS. See online help for details.
C:\Users\Admin\Documents\GitHub\gameDev2\GameDev-master\TrainingFramework_VS2013\TrainingFramework\SceneManager.cpp(92,3): warning C4996: 'fscanf': This function or variable may be unsafe. Consider using fscanf_s instead. To disable deprecation, use _CRT_SECURE_NO_WARNINGS. See online help for details.
C:\Users\Admin\Documents\GitHub\gameDev2\GameDev-master\TrainingFramework_VS2013\TrainingFramework\SceneManager.cpp(93,3): warning C4996: 'fscanf': This function or variable may be unsafe. Consider using fscanf_s instead. To disable deprecation, use _CRT_SECURE_NO_WARNINGS. See online help for details.
C:\Users\Admin\Documents\GitHub\gameDev2\GameDev-master\TrainingFramework_VS2013\TrainingFramework\SceneManager.cpp(94,3): warning C4996: 'fscanf': This function or variable may be unsafe. Consider using fscanf_s instead. To disable deprecation, use _CRT_SECURE_NO_WARNINGS. See online help for details.
C:\Users\Admin\Documents\GitHub\gameDev2\GameDev-master\TrainingFramework_VS2013\TrainingFramework\SceneManager.cpp(97,2): warning C4996: 'fscanf': This function or variable may be unsafe. Consider using fscanf_s instead. To disable deprecation, use _CRT_SECURE_NO_WARNINGS. See online help for details.
  ResourceManager.cpp
C:\Users\Admin\Documents\GitHub\gameDev2\GameDev-master\TrainingFramework_VS2013\TrainingFramework\ResourceManager.cpp(29,9): warning C4996: 'fopen': This function or variable may be unsafe. Consider using fopen_s instead. To disable deprecation, use _CRT_SECURE_NO_WARNINGS. See online help for details.
C:\Users\Admin\Documents\GitHub\gameDev2\GameDev-master\TrainingFramework_VS2013\TrainingFramework\ResourceManager.cpp(30,2): warning C4996: 'fscanf': This function or variable may be unsafe. Consider using fscanf_s instead. To disable deprecation, use _CRT_SECURE_NO_WARNINGS. See online help for details.
C:\Users\Admin\Documents\GitHub\gameDev2\GameDev-master\TrainingFramework_VS2013\TrainingFramework\ResourceManager.cpp(34,3): warning C4996: 'fscanf': This function or variable may be unsafe. Consider using fscanf_s instead. To disable deprecation, use _CRT_SECURE_NO_WARNINGS. See online help for details.
C:\Users\Admin\Documents\GitHub\gameDev2\GameDev-master\TrainingFramework_VS2013\TrainingFramework\ResourceManager.cpp(35,3): warning C4996: 'fscanf': This function or variable may be unsafe. Consider using fscanf_s instead. To disable deprecation, use _CRT_SECURE_NO_WARNINGS. See online help for details.
C:\Users\Admin\Documents\GitHub\gameDev2\GameDev-master\TrainingFramework_VS2013\TrainingFramework\ResourceManager.cpp(38,2): warning C4996: 'fscanf': This function or variable may be unsafe. Consider using fscanf_s instead. To disable deprecation, use _CRT_SECURE_NO_WARNINGS. See online help for details.
C:\Users\Admin\Documents\GitHub\gameDev2\GameDev-master\TrainingFramework_VS2013\TrainingFramework\ResourceManager.cpp(41,3): warning C4996: 'fscanf': This function or variable may be unsafe. Consider using fscanf_s instead. To disable deprecation, use _CRT_SECURE_NO_WARNINGS. See online help for details.
C:\Users\Admin\Documents\GitHub\gameDev2\GameDev-master\TrainingFramework_VS2013\TrainingFramework\ResourceManager.cpp(42,3): warning C4996: 'fscanf': This function or variable may be unsafe. Consider using fscanf_s instead. To disable deprecation, use _CRT_SECURE_NO_WARNINGS. See online help for details.
C:\Users\Admin\Documents\GitHub\gameDev2\GameDev-master\TrainingFramework_VS2013\TrainingFramework\ResourceManager.cpp(43,3): warning C4996: 'fscanf': This function or variable may be unsafe. Consider using fscanf_s instead. To disable deprecation, use _CRT_SECURE_NO_WARNINGS. See online help for details.
C:\Users\Admin\Documents\GitHub\gameDev2\GameDev-master\TrainingFramework_VS2013\TrainingFramework\ResourceManager.cpp(47,2): warning C4996: 'fscanf': This function or variable may be unsafe. Consider using fscanf_s instead. To disable deprecation, use _CRT_SECURE_NO_WARNINGS. See online help for details.
C:\Users\Admin\Documents\GitHub\gameDev2\GameDev-master\TrainingFramework_VS2013\TrainingFramework\ResourceManager.cpp(54,3): warning C4996: 'fscanf': This function or variable may be unsafe. Consider using fscanf_s instead. To disable deprecation, use _CRT_SECURE_NO_WARNINGS. See online help for details.
C:\Users\Admin\Documents\GitHub\gameDev2\GameDev-master\TrainingFramework_VS2013\TrainingFramework\ResourceManager.cpp(55,3): warning C4996: 'fscanf': This function or variable may be unsafe. Consider using fscanf_s instead. To disable deprecation, use _CRT_SECURE_NO_WARNINGS. See online help for details.
C:\Users\Admin\Documents\GitHub\gameDev2\GameDev-master\TrainingFramework_VS2013\TrainingFramework\ResourceManager.cpp(56,3): warning C4996: 'fscanf': This function or variable may be unsafe. Consider using fscanf_s instead. To disable deprecation, use _CRT_SECURE_NO_WARNINGS. See online help for details.
C:\Users\Admin\Documents\GitHub\gameDev2\GameDev-master\TrainingFramework_VS2013\TrainingFramework\ResourceManager.cpp(71,2): warning C4996: 'fscanf': This function or variable may be unsafe. Consider using fscanf_s instead. To disable deprecation, use _CRT_SECURE_NO_WARNINGS. See online help for details.
C:\Users\Admin\Documents\GitHub\gameDev2\GameDev-master\TrainingFramework_VS2013\TrainingFramework\ResourceManager.cpp(74,3): warning C4996: 'fscanf': This function or variable may be unsafe. Consider using fscanf_s instead. To disable deprecation, use _CRT_SECURE_NO_WARNINGS. See online help for details.
C:\Users\Admin\Documents\GitHub\gameDev2\GameDev-master\TrainingFramework_VS2013\TrainingFramework\ResourceManager.cpp(75,3): warning C4996: 'fscanf': This function or variable may be unsafe. Consider using fscanf_s instead. To disable deprecation, use _CRT_SECURE_NO_WARNINGS. See online help for details.
C:\Users\Admin\Documents\GitHub\gameDev2\GameDev-master\TrainingFramework_VS2013\TrainingFramework\ResourceManager.cpp(76,3): warning C4996: 'fscanf': This function or variable may be unsafe. Consider using fscanf_s instead. To disable deprecation, use _CRT_SECURE_NO_WARNINGS. See online help for details.
  Object.cpp
C:\Users\Admin\Documents\GitHub\gameDev2\GameDev-master\TrainingFramework_VS2013\TrainingFramework\Camera.h(22,65): warning C4305: 'initializing': truncation from 'double' to 'float'
C:\Users\Admin\Documents\GitHub\gameDev2\GameDev-master\TrainingFramework_VS2013\TrainingFramework\Object.cpp(31,22): warning C4244: 'argument': conversion from 'double' to 'GLfloat', possible loss of data
C:\Users\Admin\Documents\GitHub\gameDev2\GameDev-master\TrainingFramework_VS2013\TrainingFramework\Object.cpp(32,22): warning C4244: 'argument': conversion from 'double' to 'GLfloat', possible loss of data
C:\Users\Admin\Documents\GitHub\gameDev2\GameDev-master\TrainingFramework_VS2013\TrainingFramework\Object.cpp(33,22): warning C4244: 'argument': conversion from 'double' to 'GLfloat', possible loss of data
C:\Users\Admin\Documents\GitHub\gameDev2\GameDev-master\TrainingFramework_VS2013\TrainingFramework\Object.cpp(91,21): warning C4244: '+=': conversion from 'double' to 'float', possible loss of data
C:\Users\Admin\Documents\GitHub\gameDev2\GameDev-master\TrainingFramework_VS2013\TrainingFramework\Object.cpp(92,21): warning C4244: '+=': conversion from 'double' to 'float', possible loss of data
C:\Users\Admin\Documents\GitHub\gameDev2\GameDev-master\TrainingFramework_VS2013\TrainingFramework\Object.cpp(93,21): warning C4244: '+=': conversion from 'double' to 'float', possible loss of data
C:\Users\Admin\Documents\GitHub\gameDev2\GameDev-master\TrainingFramework_VS2013\TrainingFramework\Object.cpp(94,22): warning C4244: 'argument': conversion from 'double' to 'GLfloat', possible loss of data
C:\Users\Admin\Documents\GitHub\gameDev2\GameDev-master\TrainingFramework_VS2013\TrainingFramework\Object.cpp(95,22): warning C4244: 'argument': conversion from 'double' to 'GLfloat', possible loss of data
C:\Users\Admin\Documents\GitHub\gameDev2\GameDev-master\TrainingFramework_VS2013\TrainingFramework\Object.cpp(96,22): warning C4244: 'argument': conversion from 'double' to 'GLfloat', possible loss of data
  model.cpp
C:\Users\Admin\Documents\GitHub\gameDev2\GameDev-master\TrainingFramework_VS2013\TrainingFramework\model.cpp(21,9): warning C4996: 'fopen': This function or variable may be unsafe. Consider using fopen_s instead. To disable deprecation, use _CRT_SECURE_NO_WARNINGS. See online help for details.
C:\Users\Admin\Documents\GitHub\gameDev2\GameDev-master\TrainingFramework_VS2013\TrainingFramework\model.cpp(22,2): warning C4996: 'fscanf': This function or variable may be unsafe. Consider using fscanf_s instead. To disable deprecation, use _CRT_SECURE_NO_WARNINGS. See online help for details.
C:\Users\Admin\Documents\GitHub\gameDev2\GameDev-master\TrainingFramework_VS2013\TrainingFramework\model.cpp(25,3): warning C4996: 'fscanf': This function or variable may be unsafe. Consider using fscanf_s instead. To disable deprecation, use _CRT_SECURE_NO_WARNINGS. See online help for details.
C:\Users\Admin\Documents\GitHub\gameDev2\GameDev-master\TrainingFramework_VS2013\TrainingFramework\model.cpp(33,2): warning C4996: 'fscanf': This function or variable may be unsafe. Consider using fscanf_s instead. To disable deprecation, use _CRT_SECURE_NO_WARNINGS. See online help for details.
C:\Users\Admin\Documents\GitHub\gameDev2\GameDev-master\TrainingFramework_VS2013\TrainingFramework\model.cpp(36,3): warning C4996: 'fscanf': This function or variable may be unsafe. Consider using fscanf_s instead. To disable deprecation, use _CRT_SECURE_NO_WARNINGS. See online help for details.
  Matran.cpp
C:\Users\Admin\Documents\GitHub\gameDev2\GameDev-master\TrainingFramework_VS2013\TrainingFramework\Matran.cpp(1): warning C4603: '_USE_MATH_DEFINES': macro is not defined or definition is different after precompiled header use
C:\Users\Admin\Documents\GitHub\gameDev2\GameDev-master\TrainingFramework_VS2013\TrainingFramework\Matran.cpp(1): message : Add macro to precompiled header instead of defining here
C:\Users\Admin\Documents\GitHub\gameDev2\GameDev-master\TrainingFramework_VS2013\TrainingFramework\Matran.cpp(2): message : use of precompiled header
C:\Users\Admin\Documents\GitHub\gameDev2\GameDev-master\TrainingFramework_VS2013\TrainingFramework\Matran.cpp(26,21): warning C4244: 'argument': conversion from 'double' to 'GLfloat', possible loss of data
C:\Users\Admin\Documents\GitHub\gameDev2\GameDev-master\TrainingFramework_VS2013\TrainingFramework\Matran.cpp(27,21): warning C4244: 'argument': conversion from 'double' to 'GLfloat', possible loss of data
C:\Users\Admin\Documents\GitHub\gameDev2\GameDev-master\TrainingFramework_VS2013\TrainingFramework\Matran.cpp(28,21): warning C4244: 'argument': conversion from 'double' to 'GLfloat', possible loss of data
C:\Users\Admin\Documents\GitHub\gameDev2\GameDev-master\TrainingFramework_VS2013\TrainingFramework\Matran.cpp(36,24): warning C4244: 'argument': conversion from 'double' to 'GLfloat', possible loss of data
C:\Users\Admin\Documents\GitHub\gameDev2\GameDev-master\TrainingFramework_VS2013\TrainingFramework\Matran.cpp(37,24): warning C4244: 'argument': conversion from 'double' to 'GLfloat', possible loss of data
C:\Users\Admin\Documents\GitHub\gameDev2\GameDev-master\TrainingFramework_VS2013\TrainingFramework\Matran.cpp(38,24): warning C4244: 'argument': conversion from 'double' to 'GLfloat', possible loss of data
  Game.cpp
C:\Users\Admin\Documents\GitHub\gameDev2\GameDev-master\TrainingFramework_VS2013\TrainingFramework\Camera.h(22,65): warning C4305: 'initializing': truncation from 'double' to 'float'
  Camera.cpp
C:\Users\Admin\Documents\GitHub\gameDev2\GameDev-master\TrainingFramework_VS2013\TrainingFramework\Camera.h(22,65): warning C4305: 'initializing': truncation from 'double' to 'float'
  Animation2D.cpp
C:\Users\Admin\Documents\GitHub\gameDev2\GameDev-master\TrainingFramework_VS2013\TrainingFramework\Camera.h(22,65): warning C4305: 'initializing': truncation from 'double' to 'float'
C:\Users\Admin\Documents\GitHub\gameDev2\GameDev-master\TrainingFramework_VS2013\TrainingFramework\SceneManager.h(14,13): error C2143: syntax error: missing ';' before '*'
C:\Users\Admin\Documents\GitHub\gameDev2\GameDev-master\TrainingFramework_VS2013\TrainingFramework\SceneManager.h(14,13): error C4430: missing type specifier - int assumed. Note: C++ does not support default-int
C:\Users\Admin\Documents\GitHub\gameDev2\GameDev-master\TrainingFramework_VS2013\TrainingFramework\SceneManager.h(14,19): error C2238: unexpected token(s) preceding ';'
C:\Users\Admin\Documents\GitHub\gameDev2\GameDev-master\TrainingFramework_VS2013\TrainingFramework\Animation2D.cpp(122,19): error C2039: 'load_element': is not a member of 'Animation2D'
C:\Users\Admin\Documents\GitHub\gameDev2\GameDev-master\TrainingFramework_VS2013\TrainingFramework\Animation2D.h(13): message : see declaration of 'Animation2D'
C:\Users\Admin\Documents\GitHub\gameDev2\GameDev-master\TrainingFramework_VS2013\TrainingFramework\Animation2D.cpp(123,2): error C2065: 'anim_cursor': undeclared identifier
C:\Users\Admin\Documents\GitHub\gameDev2\GameDev-master\TrainingFramework_VS2013\TrainingFramework\Animation2D.cpp(124,2): error C2065: 'curent_frame_indx': undeclared identifier
C:\Users\Admin\Documents\GitHub\gameDev2\GameDev-master\TrainingFramework_VS2013\TrainingFramework\Animation2D.cpp(125,2): error C2065: 'speed': undeclared identifier
C:\Users\Admin\Documents\GitHub\gameDev2\GameDev-master\TrainingFramework_VS2013\TrainingFramework\Animation2D.cpp(133,20): warning C4244: 'argument': conversion from 'float' to 'const _Ty', possible loss of data
          with
          [
              _Ty=int
          ]
C:\Users\Admin\Documents\GitHub\gameDev2\GameDev-master\TrainingFramework_VS2013\TrainingFramework\Animation2D.cpp(134,20): warning C4244: 'argument': conversion from 'float' to 'const _Ty', possible loss of data
          with
          [
              _Ty=int
          ]
C:\Users\Admin\Documents\GitHub\gameDev2\GameDev-master\TrainingFramework_VS2013\TrainingFramework\Animation2D.cpp(135,20): warning C4244: 'argument': conversion from 'float' to 'const _Ty', possible loss of data
          with
          [
              _Ty=int
          ]
C:\Users\Admin\Documents\GitHub\gameDev2\GameDev-master\TrainingFramework_VS2013\TrainingFramework\Animation2D.cpp(136,20): warning C4244: 'argument': conversion from 'float' to 'const _Ty', possible loss of data
          with
          [
              _Ty=int
          ]
C:\Users\Admin\Documents\GitHub\gameDev2\GameDev-master\TrainingFramework_VS2013\TrainingFramework\Animation2D.cpp(138,27): warning C4244: 'argument': conversion from '_Ty' to 'const _Ty', possible loss of data
          with
          [
              _Ty=int
          ]
          and
          [
              _Ty=float
          ]
C:\Users\Admin\Documents\GitHub\gameDev2\GameDev-master\TrainingFramework_VS2013\TrainingFramework\Animation2D.cpp(139,27): warning C4244: 'argument': conversion from '_Ty' to 'const _Ty', possible loss of data
          with
          [
              _Ty=int
          ]
          and
          [
              _Ty=float
          ]
C:\Users\Admin\Documents\GitHub\gameDev2\GameDev-master\TrainingFramework_VS2013\TrainingFramework\Animation2D.cpp(140,27): warning C4244: 'argument': conversion from '_Ty' to 'const _Ty', possible loss of data
          with
          [
              _Ty=int
          ]
          and
          [
              _Ty=float
          ]
C:\Users\Admin\Documents\GitHub\gameDev2\GameDev-master\TrainingFramework_VS2013\TrainingFramework\Animation2D.cpp(141,27): warning C4244: 'argument': conversion from '_Ty' to 'const _Ty', possible loss of data
          with
          [
              _Ty=int
          ]
          and
          [
              _Ty=float
          ]
C:\Users\Admin\Documents\GitHub\gameDev2\GameDev-master\TrainingFramework_VS2013\TrainingFramework\Animation2D.cpp(142,3): error C2065: 'frames': undeclared identifier
C:\Users\Admin\Documents\GitHub\gameDev2\GameDev-master\TrainingFramework_VS2013\TrainingFramework\Animation2D.cpp(145,2): error C2065: 'frames_count': undeclared identifier
C:\Users\Admin\Documents\GitHub\gameDev2\GameDev-master\TrainingFramework_VS2013\TrainingFramework\Animation2D.cpp(145,22): error C2065: 'frames': undeclared identifier
C:\Users\Admin\Documents\GitHub\gameDev2\GameDev-master\TrainingFramework_VS2013\TrainingFramework\Animation2D.cpp(149,60): error C2065: 'models': undeclared identifier
C:\Users\Admin\Documents\GitHub\gameDev2\GameDev-master\TrainingFramework_VS2013\TrainingFramework\Animation2D.cpp(149,8): error C2513: 'model': no variable declared before '='
C:\Users\Admin\Documents\GitHub\gameDev2\GameDev-master\TrainingFramework_VS2013\TrainingFramework\Animation2D.cpp(129,9): warning C4996: 'fopen': This function or variable may be unsafe. Consider using fopen_s instead. To disable deprecation, use _CRT_SECURE_NO_WARNINGS. See online help for details.
C:\Users\Admin\Documents\GitHub\gameDev2\GameDev-master\TrainingFramework_VS2013\TrainingFramework\Animation2D.cpp(132,3): warning C4996: 'fscanf': This function or variable may be unsafe. Consider using fscanf_s instead. To disable deprecation, use _CRT_SECURE_NO_WARNINGS. See online help for details.
  Generating Code...
